<?xml version="1.0" encoding="UTF-8"?>
<!-- Generated by org.testng.reporters.JUnitReportReporter -->
<testsuite hostname="DESKTOP-POP5FHO" failures="0" tests="1" name="com.automationexerciseTestCases.TC_17_RemoveProductFromCart" time="8.719" errors="0" timestamp="2024-02-27T16:32:17 IST" skipped="0">
  <testcase classname="com.automationexerciseTestCases.TC_17_RemoveProductFromCart" name="removeproducfromcart" time="8.719"/>
</testsuite> <!-- com.automationexerciseTestCases.TC_17_RemoveProductFromCart -->
