<?xml version="1.0" encoding="UTF-8"?>
<!-- Generated by org.testng.reporters.JUnitReportReporter -->
<testsuite hostname="DESKTOP-POP5FHO" failures="0" tests="1" name="com.automationexerciseTestCases.TC_09_SearchProduct" time="10.325" errors="0" timestamp="2024-02-15T16:19:57 IST" skipped="0">
  <testcase classname="com.automationexerciseTestCases.TC_09_SearchProduct" name="searchproduct" time="10.325"/>
</testsuite> <!-- com.automationexerciseTestCases.TC_09_SearchProduct -->
