<?xml version="1.0" encoding="UTF-8"?>
<!-- Generated by org.testng.reporters.JUnitReportReporter -->
<testsuite hostname="DESKTOP-POP5FHO" failures="0" tests="1" name="com.automationexerciseTestCases.TC_02_RegisterUser" time="77.545" errors="0" timestamp="2024-02-27T11:53:44 IST" skipped="0">
  <testcase classname="com.automationexerciseTestCases.TC_02_RegisterUser" name="registertest" time="77.545"/>
</testsuite> <!-- com.automationexerciseTestCases.TC_02_RegisterUser -->
