<?xml version="1.0" encoding="UTF-8"?>
<!-- Generated by org.testng.reporters.JUnitReportReporter -->
<testsuite hostname="DESKTOP-POP5FHO" failures="0" tests="1" name="com.automationexerciseTestCases.TC_19_CartBrandProduct" time="8.100" errors="0" timestamp="2024-03-01T16:54:41 IST" skipped="0">
  <testcase classname="com.automationexerciseTestCases.TC_19_CartBrandProduct" name="cartbrandproduct" time="8.100"/>
</testsuite> <!-- com.automationexerciseTestCases.TC_19_CartBrandProduct -->
