<?xml version="1.0" encoding="UTF-8"?>
<!-- Generated by org.testng.reporters.JUnitReportReporter -->
<testsuite hostname="DESKTOP-POP5FHO" failures="0" tests="1" name="com.automationexerciseTestCases.TC_20_SearchProductAndVerifyCartAfterLogin" time="51.960" errors="0" timestamp="2024-02-29T12:56:02 IST" skipped="0">
  <testcase classname="com.automationexerciseTestCases.TC_20_SearchProductAndVerifyCartAfterLogin" name="searchproductandverifycart" time="51.960"/>
</testsuite> <!-- com.automationexerciseTestCases.TC_20_SearchProductAndVerifyCartAfterLogin -->
