<?xml version="1.0" encoding="UTF-8"?>
<!-- Generated by org.testng.reporters.JUnitReportReporter -->
<testsuite hostname="DESKTOP-POP5FHO" failures="0" tests="1" name="com.automationexerciseTestCases.TC_11_VerifySubscriptionInCartPage" time="13.753" errors="0" timestamp="2024-02-20T17:48:57 IST" skipped="0">
  <testcase classname="com.automationexerciseTestCases.TC_11_VerifySubscriptionInCartPage" name="subscriptionincartpage" time="13.753"/>
</testsuite> <!-- com.automationexerciseTestCases.TC_11_VerifySubscriptionInCartPage -->
