<?xml version="1.0" encoding="UTF-8"?>
<!-- Generated by org.testng.reporters.JUnitReportReporter -->
<testsuite hostname="DESKTOP-POP5FHO" failures="0" tests="1" name="com.automationexerciseTestCases.TC_13_VerifyProductQuantityInCart" time="16.594" errors="0" timestamp="2024-02-26T16:34:36 IST" skipped="0">
  <testcase classname="com.automationexerciseTestCases.TC_13_VerifyProductQuantityInCart" name="productquantityincart" time="16.594"/>
</testsuite> <!-- com.automationexerciseTestCases.TC_13_VerifyProductQuantityInCart -->
