<?xml version="1.0" encoding="UTF-8"?>
<!-- Generated by org.testng.reporters.JUnitReportReporter -->
<testsuite hostname="DESKTOP-POP5FHO" failures="0" tests="1" name="com.automationexerciseTestCases.TC_03_IncorrectLogin" time="10.054" errors="0" timestamp="2024-02-15T16:19:57 IST" skipped="0">
  <testcase classname="com.automationexerciseTestCases.TC_03_IncorrectLogin" name="loginwithincorrectdata" time="10.054"/>
</testsuite> <!-- com.automationexerciseTestCases.TC_03_IncorrectLogin -->
