<?xml version="1.0" encoding="UTF-8"?>
<!-- Generated by org.testng.reporters.JUnitReportReporter -->
<testsuite hostname="DESKTOP-POP5FHO" failures="0" tests="1" name="com.automationexerciseTestCases.TC_21_AddReviewOnProduct" time="9.522" errors="0" timestamp="2024-02-29T13:06:58 IST" skipped="0">
  <testcase classname="com.automationexerciseTestCases.TC_21_AddReviewOnProduct" name="addreviewonproduct" time="9.522"/>
</testsuite> <!-- com.automationexerciseTestCases.TC_21_AddReviewOnProduct -->
