<?xml version="1.0" encoding="UTF-8"?>
<!-- Generated by org.testng.reporters.JUnitReportReporter -->
<testsuite hostname="DESKTOP-POP5FHO" failures="0" tests="1" name="com.automationexerciseTestCases.TC_10_Subscription" time="8.674" errors="0" timestamp="2024-02-20T17:16:43 IST" skipped="0">
  <testcase classname="com.automationexerciseTestCases.TC_10_Subscription" name="subscription" time="8.674"/>
</testsuite> <!-- com.automationexerciseTestCases.TC_10_Subscription -->
