<?xml version="1.0" encoding="UTF-8"?>
<!-- Generated by org.testng.reporters.JUnitReportReporter -->
<testsuite hostname="DESKTOP-POP5FHO" failures="0" tests="1" name="com.automationexerciseTestCases.TC_14_PlaceOrderCheckOutRegister" time="38.208" errors="0" timestamp="2024-02-26T18:32:50 IST" skipped="0">
  <testcase classname="com.automationexerciseTestCases.TC_14_PlaceOrderCheckOutRegister" name="placeorder" time="38.208"/>
</testsuite> <!-- com.automationexerciseTestCases.TC_14_PlaceOrderCheckOutRegister -->
